<?xml version="1.0" encoding="UTF-8"?>
<testsuite xmlns:xsi="http://www.w3.org/2001/XMLSchema-instance" xsi:schemaLocation="https://maven.apache.org/surefire/maven-surefire-plugin/xsd/surefire-test-report.xsd" name="TestSuite" time="1.66" tests="1" errors="0" skipped="0" failures="1">
  <properties>
    <property name="java.runtime.name" value="Java(TM) SE Runtime Environment"/>
    <property name="sun.boot.library.path" value="C:\Program Files\Java\jdk1.8.0_131\jre\bin"/>
    <property name="java.vm.version" value="25.131-b11"/>
    <property name="java.vm.vendor" value="Oracle Corporation"/>
    <property name="java.vendor.url" value="http://java.oracle.com/"/>
    <property name="path.separator" value=";"/>
    <property name="guice.disable.misplaced.annotation.check" value="true"/>
    <property name="java.vm.name" value="Java HotSpot(TM) 64-Bit Server VM"/>
    <property name="file.encoding.pkg" value="sun.io"/>
    <property name="user.script" value=""/>
    <property name="user.country" value="CN"/>
    <property name="sun.java.launcher" value="SUN_STANDARD"/>
    <property name="sun.os.patch.level" value=""/>
    <property name="java.vm.specification.name" value="Java Virtual Machine Specification"/>
    <property name="user.dir" value="C:\Users\TianJing\Documents\Code\serviceapi"/>
    <property name="java.runtime.version" value="1.8.0_131-b11"/>
    <property name="java.awt.graphicsenv" value="sun.awt.Win32GraphicsEnvironment"/>
    <property name="java.endorsed.dirs" value="C:\Program Files\Java\jdk1.8.0_131\jre\lib\endorsed"/>
    <property name="os.arch" value="amd64"/>
    <property name="java.io.tmpdir" value="C:\Users\TianJing\AppData\Local\Temp\"/>
    <property name="line.separator" value="&#10;"/>
    <property name="java.vm.specification.vendor" value="Oracle Corporation"/>
    <property name="user.variant" value=""/>
    <property name="os.name" value="Windows 10"/>
    <property name="classworlds.conf" value="C:\Users\TianJing\Downloads\apache-maven-3.2.5\bin\..\bin\m2.conf"/>
    <property name="sun.jnu.encoding" value="GBK"/>
    <property name="java.library.path" value="C:\Program Files\Java\jdk1.8.0_131\bin;C:\Windows\Sun\Java\bin;C:\Windows\system32;C:\Windows;C:\Program Files\Docker\Docker\Resources\bin;C:\ProgramData\Oracle\Java\javapath;C:\Windows\system32;C:\Windows;C:\Windows\System32\Wbem;C:\Windows\System32\WindowsPowerShell\v1.0\;C:\Program Files\Git\cmd;C:\Program Files\TortoiseGit\bin;&quot;C:\Program Files\Java\jdk1.8.0_131\bin;C:\Program Files\Java\jdk1.8.0_131\jre\bin;&quot;;C:\Users\TianJing\Downloads\apache-maven-3.2.5\bin;C:\Program Files\Git\usr\bin;C:\Users\TianJing\AppData\Local\Microsoft\WindowsApps;C:\Users\TianJing\Downloads\apache-maven-3.2.5\bin;;."/>
    <property name="java.specification.name" value="Java Platform API Specification"/>
    <property name="java.class.version" value="52.0"/>
    <property name="sun.management.compiler" value="HotSpot 64-Bit Tiered Compilers"/>
    <property name="os.version" value="10.0"/>
    <property name="user.home" value="C:\Users\TianJing"/>
    <property name="user.timezone" value="Asia/Shanghai"/>
    <property name="java.awt.printerjob" value="sun.awt.windows.WPrinterJob"/>
    <property name="java.specification.version" value="1.8"/>
    <property name="file.encoding" value="UTF-8"/>
    <property name="user.name" value="TianJing"/>
    <property name="java.class.path" value="C:\Users\TianJing\Downloads\apache-maven-3.2.5\bin\..\boot\plexus-classworlds-2.5.2.jar"/>
    <property name="java.vm.specification.version" value="1.8"/>
    <property name="sun.arch.data.model" value="64"/>
    <property name="java.home" value="C:\Program Files\Java\jdk1.8.0_131\jre"/>
    <property name="sun.java.command" value="org.codehaus.plexus.classworlds.launcher.Launcher test -DsuiteFilename=createOrder.xml"/>
    <property name="java.specification.vendor" value="Oracle Corporation"/>
    <property name="user.language" value="zh"/>
    <property name="suiteFilename" value="createOrder.xml"/>
    <property name="awt.toolkit" value="sun.awt.windows.WToolkit"/>
    <property name="java.vm.info" value="mixed mode"/>
    <property name="java.version" value="1.8.0_131"/>
    <property name="java.ext.dirs" value="C:\Program Files\Java\jdk1.8.0_131\jre\lib\ext;C:\Windows\Sun\Java\lib\ext"/>
    <property name="sun.boot.class.path" value="C:\Program Files\Java\jdk1.8.0_131\jre\lib\resources.jar;C:\Program Files\Java\jdk1.8.0_131\jre\lib\rt.jar;C:\Program Files\Java\jdk1.8.0_131\jre\lib\sunrsasign.jar;C:\Program Files\Java\jdk1.8.0_131\jre\lib\jsse.jar;C:\Program Files\Java\jdk1.8.0_131\jre\lib\jce.jar;C:\Program Files\Java\jdk1.8.0_131\jre\lib\charsets.jar;C:\Program Files\Java\jdk1.8.0_131\jre\lib\jfr.jar;C:\Program Files\Java\jdk1.8.0_131\jre\classes"/>
    <property name="sun.stderr.encoding" value="ms936"/>
    <property name="java.vendor" value="Oracle Corporation"/>
    <property name="maven.home" value="C:\Users\TianJing\Downloads\apache-maven-3.2.5\bin\.."/>
    <property name="file.separator" value="\"/>
    <property name="java.vendor.url.bug" value="http://bugreport.sun.com/bugreport/"/>
    <property name="sun.cpu.endian" value="little"/>
    <property name="sun.io.unicode.encoding" value="UnicodeLittle"/>
    <property name="sun.stdout.encoding" value="ms936"/>
    <property name="sun.desktop" value="windows"/>
    <property name="sun.cpu.isalist" value="amd64"/>
  </properties>
  <testcase name="test_01_指定医生创建待处理的订单" classname="com.mingyizhudao.qa.functiontest.doctor.CreateDesignatedOrder" time="0.39">
    <failure message="null object" type="net.sf.json.JSONException">net.sf.json.JSONException: null object
	at com.mingyizhudao.qa.functiontest.doctor.CreateDesignatedOrder.test_01_指定医生创建待处理的订单(CreateDesignatedOrder.java:25)
</failure>
    <system-out><![CDATA[[INFO] file absolute path is C:\Users\TianJing\Documents\Code\serviceapi\logs\com.mingyizhudao.qa.functiontest.doctor.CreateDesignatedOrder.log
[INFO] 发送请求: >>>>>  POST http://services.dev.myzd.info/doctor/api/createorder
[INFO] 请求数据: >>>>>  {"order":{"diagnosis":"WlCSZVzdCNcoRMPRVFAyKYTHgGTCPqIkYtuDTCqNkkQxSeteXBUmIGcTgWrWrzfrYVtiqDeYrwPpAmlLhfpAEHdoiKYtjuJeZZpkGqCpWbkuRVfwooDYMMKVhYKMiGwWzNeZcBclBOoqNolSOixzWUnkjgvlXIkfDbzDfLppJuCiMEibSlwTQrGUfudEMDNOZjOzKejwLdqzuLrtFbxRXLTpIbAoDRAysCCVvySTeFNoZOwWFMvJUwYjVXoXYGVROIwmerojKdQtDWFXKLEJTyCNoSrYedgKUwtqFyXwkIMb","expected_doctor_id":"","expected_surgery_due_date":"2017-09-10","expected_surgery_hospital_id":"","expected_surgery_start_date":"2017-09-09","is_reoperation":1,"major_disease_id":"","medical_record_pictures":[{"key":"2017/05/04/1265834e-97d8-44a0-95e7-047c7facaee8/IMG_20170429_102737.jpg","type":"1"},{"key":"2017/05/04/1315bbe0-2836-4776-8216-ec55044f32dd/IMG_20161013_172442.jpg","type":"1"}],"minor_disease_id":"","patient_age":29,"patient_gender":2,"patient_name":"王二UFrP","patient_phone":"13654389999"}}
[INFO] 等待回应: <<<<<  200 OK
]]></system-out>
  </testcase>
</testsuite>